     1                                  ; Scrieți un program în limbaj de asamblare care să rezolve expresia aritmetică, considerând domeniile de definiție ale variabilelor
     2                                  ; a - byte, b - word
     3                                  ; (b / a * 2 + 10) * b - b * 15;
     4                                  ; ex. 1: a = 10; b = 40; Rezultat: (40 / 10 * 2 + 10) * 40 - 40 * 15 = 18 * 40 - 1600 = 720 - 600 = 120
     5                                  ; ex. 2: a = 100; b = 50; Rezultat: (50 / 100 * 2 + 10) * 50 - 50 * 15 = 12 * 50 - 750 = 600 - 750 = - 150
     6                                  bits 32 ;asamblare si compilare pentru arhitectura de 32 biti
     7                                  ; definim punctul de intrare in programul principal
     8                                  global  start 
     9                                  
    10                                  extern  exit ; indicam asamblorului ca exit exista, chiar daca noi nu o vom defini
    11                                  import  exit msvcrt.dll; exit este o functie care incheie procesul, este definita in msvcrt.dll
    12                                          ; msvcrt.dll contine exit, printf si toate celelalte functii C-runtime importante
    13                                  segment  data use32 class=data ; segmentul de date in care se vor defini variabilele 
    14                                  	
    15 00000000 0A                          a db 10
    16 00000001 05                          b db 5
    17 00000002 03                          c db 3 
    18 00000003 06                          d db 6
    19                                      
    20                                      
    21                                  segment  code use32 class=code ; segmentul de cod
    22                                  start: 
    23                                  	
    24 00000000 B011                        mov al,11h
    25 00000002 B205                        mov dl,5h
    26                                      
    27 00000004 00D0                        add al,dl
    28                                  	
    29 00000006 6A00                    	push   dword 0 
    30 00000008 FF15[00000000]          	call   [exit] 
    31                                  
    32                                  
    33                                      
